#
# A fatal error has been detected by the Java Runtime Environment:
#
#  SIGSEGV (0xb) at pc=0x00007f5a9fb4dabe, pid=9291, tid=140026658584320
#
# JRE version: OpenJDK Runtime Environment (8.0_91-b14) (build 1.8.0_91-8u91-b14-0ubuntu4~14.04-b14)
# Java VM: OpenJDK 64-Bit Server VM (25.91-b14 mixed mode linux-amd64 compressed oops)
# Problematic frame:
# V  [libjvm.so+0x7f2abe]
#
# Failed to write core dump. Core dumps have been disabled. To enable core dumping, try "ulimit -c unlimited" before starting Java again
#
# If you would like to submit a bug report, please visit:
#   http://bugreport.java.com/bugreport/crash.jsp
#

---------------  T H R E A D  ---------------

Current thread (0x00007f5a980ba800):  JavaThread "JDWP Transport Listener: dt_socket" daemon [_thread_in_vm, id=9309, stack(0x00007f5a7f2e7000,0x00007f5a7f3e8000)]

siginfo: si_signo: 11 (SIGSEGV), si_code: 128 (SI_KERNEL), si_addr: 0x0000000000000000

Registers:
RAX=0x0000000000000063, RBX=0x00007f5a98003870, RCX=0x00007f5aa045b320, RDX=0x0000000000000001
RSP=0x00007f5a7f3e6a60, RBP=0x00007f5a7f3e6a70, RSI=0x00007f5a980ba800, RDI=0x0107000000000000
R8 =0x0000000000000000, R9 =0x00007f5a58006800, R10=0x00007f5a980bacc0, R11=0x00007f5aa09f5360
R12=0x00007f5a7f3e6b47, R13=0x0107000000000000, R14=0x00007f5a980ba800, R15=0x00007f5a7f3e6a90
RIP=0x00007f5a9fb4dabe, EFLAGS=0x0000000000010206, CSGSFS=0x0000000000000033, ERR=0x0000000000000000
  TRAPNO=0x000000000000000d

Top of Stack: (sp=0x00007f5a7f3e6a60)
0x00007f5a7f3e6a60:   00007f5a7f3e6b47 00007f5a98003870
0x00007f5a7f3e6a70:   00007f5a7f3e6ae0 00007f5a9f9e92f8
0x00007f5a7f3e6a80:   00007f5aa02210f0 00007f5a9fa33ba6
0x00007f5a7f3e6a90:   00007f5a980ba800 0000000000000000
0x00007f5a7f3e6aa0:   00007f5a00000000 0000000000000000
0x00007f5a7f3e6ab0:   00007f5a7f3e6c30 00007f5a7f3e6b47
0x00007f5a7f3e6ac0:   00007f5a9e4f1f20 0107000000000000
0x00007f5a7f3e6ad0:   00007f5a7f3e6b47 00007f5a7f3e6b4c
0x00007f5a7f3e6ae0:   00007f5a7f3e6b10 00007f5a9e2ddf29
0x00007f5a7f3e6af0:   00007f5a7f3e6b10 000000000000000e
0x00007f5a7f3e6b00:   00007f5a7f3e6c30 0107000000000000
0x00007f5a7f3e6b10:   00007f5a7f3e6ba0 00007f5a9e2be608
0x00007f5a7f3e6b20:   00007f5a7f3e6b60 00007f5a7f3e6b60
0x00007f5a7f3e6b30:   00007f5a7f3e6b68 000000019e2c34d9
0x00007f5a7f3e6b40:   00007f5a7f3e6c00 000000090000000f
0x00007f5a7f3e6b50:   00007f5a5801ec70 0000000000000000
0x00007f5a7f3e6b60:   0000000000000000 0000000000000000
0x00007f5a7f3e6b70:   00007f5a7f3e6c00 00000000000f0200
0x00007f5a7f3e6b80:   00007f5a7f3e6c00 0000000000000002
0x00007f5a7f3e6b90:   00007f5a7f3e6c30 00007f5a9e4f1f20
0x00007f5a7f3e6ba0:   00007f5a7f3e6df0 00007f5a9e2c8698
0x00007f5a7f3e6bb0:   000006ab00000013 00007f5a580f0200
0x00007f5a7f3e6bc0:   00007f5a50000fb0 00007f5a9fa57db0
0x00007f5a7f3e6bd0:   00007f5a7f3e6c00 00007f5a5000080f
0x00007f5a7f3e6be0:   000006ab00000013 00007f5a580f0200
0x00007f5a7f3e6bf0:   00007f5a50000fb0 0000000000000004
0x00007f5a7f3e6c00:   00007f5a50000fb8 000000000000000b
0x00007f5a7f3e6c10:   000006ab00000013 00007f5a580f0200
0x00007f5a7f3e6c20:   00007f5a50000fb0 00007f5a5800b660
0x00007f5a7f3e6c30:   00007f5a5800c945 000000000000044b
0x00007f5a7f3e6c40:   00007f5a580081e0 00007f5a0000012c
0x00007f5a7f3e6c50:   00007f5a7f3e6c80 00007f5a5800b8e0 

Instructions: (pc=0x00007f5a9fb4dabe)
0x00007f5a9fb4da9e:   75 b3 31 c0 5d c3 0f 1f 40 00 b8 01 00 00 00 5d
0x00007f5a9fb4daae:   c3 90 55 48 89 e5 53 48 83 ec 08 48 85 ff 74 09
0x00007f5a9fb4dabe:   48 8b 1f 48 83 fb 37 75 11 31 db 48 83 c4 08 48
0x00007f5a9fb4dace:   89 d8 5b 5d c3 0f 1f 44 00 00 48 85 db 74 ea 48 

Register to memory mapping:

RAX=0x0000000000000063 is an unknown value
RBX=0x00007f5a98003870 is an unknown value
RCX=0x00007f5aa045b320: <offset 0x219320> in /lib/x86_64-linux-gnu/libpthread.so.0 at 0x00007f5aa0242000
RDX=0x0000000000000001 is an unknown value
RSP=0x00007f5a7f3e6a60 is pointing into the stack for thread: 0x00007f5a980ba800
RBP=0x00007f5a7f3e6a70 is pointing into the stack for thread: 0x00007f5a980ba800
RSI=0x00007f5a980ba800 is a thread
RDI=0x0107000000000000 is an unknown value
R8 =0x0000000000000000 is an unknown value
R9 =0x00007f5a58006800 is an unknown value
R10=0x00007f5a980bacc0 is an unknown value
R11=0x00007f5aa09f5360: <offset 0x178360> in /lib/x86_64-linux-gnu/libc.so.6 at 0x00007f5aa087d000
R12=0x00007f5a7f3e6b47 is pointing into the stack for thread: 0x00007f5a980ba800
R13=0x0107000000000000 is an unknown value
R14=0x00007f5a980ba800 is a thread
R15=0x00007f5a7f3e6a90 is pointing into the stack for thread: 0x00007f5a980ba800


Stack: [0x00007f5a7f2e7000,0x00007f5a7f3e8000],  sp=0x00007f5a7f3e6a60,  free space=1022k
Native frames: (J=compiled Java code, j=interpreted, Vv=VM code, C=native code)
V  [libjvm.so+0x7f2abe]
V  [libjvm.so+0x68e2f8]
C  [libjdwp.so+0x26f29]
C  [libjdwp.so+0x7608]
C  [libjdwp.so+0x11698]
C  [libjdwp.so+0x23c05]
V  [libjvm.so+0x6f817b]
V  [libjvm.so+0x9a0b70]
V  [libjvm.so+0x8584a2]
C  [libpthread.so.0+0x8184]  start_thread+0xc4


---------------  P R O C E S S  ---------------

Java Threads: ( => current thread )
  0x00007f5a980d2000 JavaThread "Service Thread" daemon [_thread_blocked, id=9317, stack(0x00007f5a7ece1000,0x00007f5a7ede2000)]
  0x00007f5a980c4800 JavaThread "C1 CompilerThread2" daemon [_thread_blocked, id=9316, stack(0x00007f5a7ede2000,0x00007f5a7eee3000)]
  0x00007f5a980c3000 JavaThread "C2 CompilerThread1" daemon [_thread_blocked, id=9315, stack(0x00007f5a7eee3000,0x00007f5a7efe4000)]
  0x00007f5a980c0000 JavaThread "C2 CompilerThread0" daemon [_thread_blocked, id=9314, stack(0x00007f5a7efe4000,0x00007f5a7f0e5000)]
  0x00007f5a58001000 JavaThread "JDWP Command Reader" daemon [_thread_in_native, id=9312, stack(0x00007f5a7f0e5000,0x00007f5a7f1e6000)]
  0x00007f5a980be000 JavaThread "JDWP Event Helper Thread" daemon [_thread_blocked, id=9311, stack(0x00007f5a7f1e6000,0x00007f5a7f2e7000)]
=>0x00007f5a980ba800 JavaThread "JDWP Transport Listener: dt_socket" daemon [_thread_in_vm, id=9309, stack(0x00007f5a7f2e7000,0x00007f5a7f3e8000)]
  0x00007f5a980aa800 JavaThread "Signal Dispatcher" daemon [_thread_blocked, id=9306, stack(0x00007f5a7f7f8000,0x00007f5a7f8f9000)]
  0x00007f5a98084000 JavaThread "Finalizer" daemon [_thread_blocked, id=9304, stack(0x00007f5a7f8f9000,0x00007f5a7f9fa000)]
  0x00007f5a9807f000 JavaThread "Reference Handler" daemon [_thread_blocked, id=9303, stack(0x00007f5a7f9fa000,0x00007f5a7fafb000)]
  0x00007f5a9800a000 JavaThread "main" [_thread_blocked, id=9293, stack(0x00007f5aa0f14000,0x00007f5aa1015000)]

Other Threads:
  0x00007f5a98077800 VMThread [stack: 0x00007f5a7fafb000,0x00007f5a7fbfc000] [id=9302]
  0x00007f5a980d4800 WatcherThread [stack: 0x00007f5a7ebe0000,0x00007f5a7ece1000] [id=9318]

VM state:not at safepoint (normal execution)

VM Mutex/Monitor currently owned by a thread: None

Heap:
 PSYoungGen      total 36864K, used 5082K [0x00000000d7500000, 0x00000000d9e00000, 0x0000000100000000)
  eden space 31744K, 16% used [0x00000000d7500000,0x00000000d79f6bf8,0x00000000d9400000)
  from space 5120K, 0% used [0x00000000d9900000,0x00000000d9900000,0x00000000d9e00000)
  to   space 5120K, 0% used [0x00000000d9400000,0x00000000d9400000,0x00000000d9900000)
 ParOldGen       total 84992K, used 0K [0x0000000085e00000, 0x000000008b100000, 0x00000000d7500000)
  object space 84992K, 0% used [0x0000000085e00000,0x0000000085e00000,0x000000008b100000)
 Metaspace       used 6043K, capacity 6218K, committed 6400K, reserved 1056768K
  class space    used 642K, capacity 729K, committed 768K, reserved 1048576K

Card table byte_map: [0x00007f5a9ce65000,0x00007f5a9d237000] byte_map_base: 0x00007f5a9ca36000

Marking Bits: (ParMarkBitMap*) 0x00007f5aa0225080
 Begin Bits: [0x00007f5a852f0000, 0x00007f5a87178000)
 End Bits:   [0x00007f5a87178000, 0x00007f5a89000000)

Polling page: 0x00007f5aa1070000

CodeCache: size=245760Kb used=1671Kb max_used=1675Kb free=244088Kb
 bounds [0x00007f5a89000000, 0x00007f5a89270000, 0x00007f5a98000000]
 total_blobs=562 nmethods=284 adapters=201
 compilation: enabled

Compilation events (10 events):
Event: 0,463 Thread 0x00007f5a980c4800  280       1       org.jdom2.ContentList::access$200 (5 bytes)
Event: 0,463 Thread 0x00007f5a980c4800 nmethod 280 0x00007f5a891a3190 code [0x00007f5a891a32e0, 0x00007f5a891a33d0]
Event: 1,723 Thread 0x00007f5a980c4800  281       1       org.jdom2.ContentList::access$300 (5 bytes)
Event: 1,723 Thread 0x00007f5a980c4800 nmethod 281 0x00007f5a891a2cd0 code [0x00007f5a891a2e20, 0x00007f5a891a2f10]
Event: 32,799 Thread 0x00007f5a980c4800  282       1       org.jdom2.ContentList::getDataModCount (5 bytes)
Event: 32,799 Thread 0x00007f5a980c4800 nmethod 282 0x00007f5a891a2a10 code [0x00007f5a891a2b60, 0x00007f5a891a2c70]
Event: 33,363 Thread 0x00007f5a980c4800  283       3       org.jdom2.filter.ElementFilter::filter (6 bytes)
Event: 33,364 Thread 0x00007f5a980c4800 nmethod 283 0x00007f5a891a2650 code [0x00007f5a891a27c0, 0x00007f5a891a2968]
Event: 33,364 Thread 0x00007f5a980c4800  284       3       org.jdom2.filter.ElementFilter::filter (95 bytes)
Event: 33,364 Thread 0x00007f5a980c4800 nmethod 284 0x00007f5a891a13d0 code [0x00007f5a891a15e0, 0x00007f5a891a2308]

GC Heap History (0 events):
No events

Deoptimization events (0 events):
No events

Internal exceptions (10 events):
Event: 0,315 Thread 0x00007f5a9800a000 Exception <a 'java/security/PrivilegedActionException'> (0x00000000d757aa88) thrown at [/build/openjdk-8-vT_67x/openjdk-8-8u91-b14/src/hotspot/src/share/vm/prims/jvm.cpp, line 1386]
Event: 0,315 Thread 0x00007f5a9800a000 Exception <a 'java/security/PrivilegedActionException'> (0x00000000d757ac98) thrown at [/build/openjdk-8-vT_67x/openjdk-8-8u91-b14/src/hotspot/src/share/vm/prims/jvm.cpp, line 1386]
Event: 0,315 Thread 0x00007f5a9800a000 Exception <a 'java/security/PrivilegedActionException'> (0x00000000d757ce80) thrown at [/build/openjdk-8-vT_67x/openjdk-8-8u91-b14/src/hotspot/src/share/vm/prims/jvm.cpp, line 1386]
Event: 0,315 Thread 0x00007f5a9800a000 Exception <a 'java/security/PrivilegedActionException'> (0x00000000d757d090) thrown at [/build/openjdk-8-vT_67x/openjdk-8-8u91-b14/src/hotspot/src/share/vm/prims/jvm.cpp, line 1386]
Event: 0,315 Thread 0x00007f5a9800a000 Exception <a 'java/security/PrivilegedActionException'> (0x00000000d757db60) thrown at [/build/openjdk-8-vT_67x/openjdk-8-8u91-b14/src/hotspot/src/share/vm/prims/jvm.cpp, line 1386]
Event: 0,315 Thread 0x00007f5a9800a000 Exception <a 'java/security/PrivilegedActionException'> (0x00000000d757dd70) thrown at [/build/openjdk-8-vT_67x/openjdk-8-8u91-b14/src/hotspot/src/share/vm/prims/jvm.cpp, line 1386]
Event: 0,350 Thread 0x00007f5a9800a000 Exception <a 'java/lang/NoSuchFieldError': method resolution failed> (0x00000000d77898d8) thrown at [/build/openjdk-8-vT_67x/openjdk-8-8u91-b14/src/hotspot/src/share/vm/prims/methodHandles.cpp, line 1146]
Event: 0,354 Thread 0x00007f5a9800a000 Exception <a 'java/lang/NoSuchFieldError': method resolution failed> (0x00000000d77970d8) thrown at [/build/openjdk-8-vT_67x/openjdk-8-8u91-b14/src/hotspot/src/share/vm/prims/methodHandles.cpp, line 1146]
Event: 0,370 Thread 0x00007f5a9800a000 Exception <a 'java/io/FileNotFoundException'> (0x00000000d78166c8) thrown at [/build/openjdk-8-vT_67x/openjdk-8-8u91-b14/src/hotspot/src/share/vm/prims/jni.cpp, line 709]
Event: 0,444 Thread 0x00007f5a9800a000 Exception <a 'java/lang/NoSuchMethodError': java.lang.Object.lambda$0(Linput/Variable;)V> (0x00000000d79dd4d0) thrown at [/build/openjdk-8-vT_67x/openjdk-8-8u91-b14/src/hotspot/src/share/vm/interpreter/linkResolver.cpp, line 582]

Events (10 events):
Event: 242,571 Executing VM operation: EnterInterpOnlyMode
Event: 242,571 Executing VM operation: EnterInterpOnlyMode done
Event: 242,571 Executing VM operation: GetCurrentLocation
Event: 242,571 Executing VM operation: GetCurrentLocation done
Event: 242,571 Executing VM operation: ChangeSingleStep
Event: 242,571 Executing VM operation: ChangeSingleStep done
Event: 242,572 Executing VM operation: ChangeSingleStep
Event: 242,572 Executing VM operation: ChangeSingleStep done
Event: 289,577 Executing VM operation: RedefineClasses
Event: 289,579 Executing VM operation: RedefineClasses done


Dynamic libraries:
00400000-00401000 r-xp 00000000 fc:01 408426199                          /usr/lib/jvm/java-8-openjdk-amd64/jre/bin/java
00600000-00601000 r--p 00000000 fc:01 408426199                          /usr/lib/jvm/java-8-openjdk-amd64/jre/bin/java
00601000-00602000 rw-p 00001000 fc:01 408426199                          /usr/lib/jvm/java-8-openjdk-amd64/jre/bin/java
0149c000-014bd000 rw-p 00000000 00:00 0                                  [heap]
85e00000-8b100000 rw-p 00000000 00:00 0 
8b100000-d7500000 ---p 00000000 00:00 0 
d7500000-d9e00000 rw-p 00000000 00:00 0 
d9e00000-100000000 ---p 00000000 00:00 0 
100000000-1000c0000 rw-p 00000000 00:00 0 
1000c0000-140000000 ---p 00000000 00:00 0 
7f5a40000000-7f5a40021000 rw-p 00000000 00:00 0 
7f5a40021000-7f5a44000000 ---p 00000000 00:00 0 
7f5a44000000-7f5a44021000 rw-p 00000000 00:00 0 
7f5a44021000-7f5a48000000 ---p 00000000 00:00 0 
7f5a48000000-7f5a48028000 rw-p 00000000 00:00 0 
7f5a48028000-7f5a4c000000 ---p 00000000 00:00 0 
7f5a4c000000-7f5a4c20a000 rw-p 00000000 00:00 0 
7f5a4c20a000-7f5a50000000 ---p 00000000 00:00 0 
7f5a50000000-7f5a50021000 rw-p 00000000 00:00 0 
7f5a50021000-7f5a54000000 ---p 00000000 00:00 0 
7f5a54000000-7f5a540b3000 rw-p 00000000 00:00 0 
7f5a540b3000-7f5a58000000 ---p 00000000 00:00 0 
7f5a58000000-7f5a5804d000 rw-p 00000000 00:00 0 
7f5a5804d000-7f5a5c000000 ---p 00000000 00:00 0 
7f5a5c000000-7f5a5c021000 rw-p 00000000 00:00 0 
7f5a5c021000-7f5a60000000 ---p 00000000 00:00 0 
7f5a60000000-7f5a60021000 rw-p 00000000 00:00 0 
7f5a60021000-7f5a64000000 ---p 00000000 00:00 0 
7f5a64000000-7f5a64021000 rw-p 00000000 00:00 0 
7f5a64021000-7f5a68000000 ---p 00000000 00:00 0 
7f5a68000000-7f5a68021000 rw-p 00000000 00:00 0 
7f5a68021000-7f5a6c000000 ---p 00000000 00:00 0 
7f5a6c000000-7f5a6c021000 rw-p 00000000 00:00 0 
7f5a6c021000-7f5a70000000 ---p 00000000 00:00 0 
7f5a70000000-7f5a70021000 rw-p 00000000 00:00 0 
7f5a70021000-7f5a74000000 ---p 00000000 00:00 0 
7f5a74000000-7f5a74021000 rw-p 00000000 00:00 0 
7f5a74021000-7f5a78000000 ---p 00000000 00:00 0 
7f5a78000000-7f5a78021000 rw-p 00000000 00:00 0 
7f5a78021000-7f5a7c000000 ---p 00000000 00:00 0 
7f5a7d527000-7f5a7d52c000 r-xp 00000000 fc:01 418520529                  /usr/lib/x86_64-linux-gnu/libXdmcp.so.6.0.0
7f5a7d52c000-7f5a7d72b000 ---p 00005000 fc:01 418520529                  /usr/lib/x86_64-linux-gnu/libXdmcp.so.6.0.0
7f5a7d72b000-7f5a7d72c000 r--p 00004000 fc:01 418520529                  /usr/lib/x86_64-linux-gnu/libXdmcp.so.6.0.0
7f5a7d72c000-7f5a7d72d000 rw-p 00005000 fc:01 418520529                  /usr/lib/x86_64-linux-gnu/libXdmcp.so.6.0.0
7f5a7d72d000-7f5a7d72f000 r-xp 00000000 fc:01 418520488                  /usr/lib/x86_64-linux-gnu/libXau.so.6.0.0
7f5a7d72f000-7f5a7d92f000 ---p 00002000 fc:01 418520488                  /usr/lib/x86_64-linux-gnu/libXau.so.6.0.0
7f5a7d92f000-7f5a7d930000 r--p 00002000 fc:01 418520488                  /usr/lib/x86_64-linux-gnu/libXau.so.6.0.0
7f5a7d930000-7f5a7d931000 rw-p 00003000 fc:01 418520488                  /usr/lib/x86_64-linux-gnu/libXau.so.6.0.0
7f5a7d931000-7f5a7d94e000 r-xp 00000000 fc:01 422328117                  /usr/lib/x86_64-linux-gnu/libxcb.so.1.1.0
7f5a7d94e000-7f5a7db4e000 ---p 0001d000 fc:01 422328117                  /usr/lib/x86_64-linux-gnu/libxcb.so.1.1.0
7f5a7db4e000-7f5a7db4f000 r--p 0001d000 fc:01 422328117                  /usr/lib/x86_64-linux-gnu/libxcb.so.1.1.0
7f5a7db4f000-7f5a7db50000 rw-p 0001e000 fc:01 422328117                  /usr/lib/x86_64-linux-gnu/libxcb.so.1.1.0
7f5a7db50000-7f5a7db5f000 r-xp 00000000 fc:01 418520507                  /usr/lib/x86_64-linux-gnu/libXi.so.6.1.0
7f5a7db5f000-7f5a7dd5e000 ---p 0000f000 fc:01 418520507                  /usr/lib/x86_64-linux-gnu/libXi.so.6.1.0
7f5a7dd5e000-7f5a7dd5f000 r--p 0000e000 fc:01 418520507                  /usr/lib/x86_64-linux-gnu/libXi.so.6.1.0
7f5a7dd5f000-7f5a7dd60000 rw-p 0000f000 fc:01 418520507                  /usr/lib/x86_64-linux-gnu/libXi.so.6.1.0
7f5a7dd60000-7f5a7dd65000 r-xp 00000000 fc:01 418520640                  /usr/lib/x86_64-linux-gnu/libXtst.so.6.1.0
7f5a7dd65000-7f5a7df64000 ---p 00005000 fc:01 418520640                  /usr/lib/x86_64-linux-gnu/libXtst.so.6.1.0
7f5a7df64000-7f5a7df65000 r--p 00004000 fc:01 418520640                  /usr/lib/x86_64-linux-gnu/libXtst.so.6.1.0
7f5a7df65000-7f5a7df66000 rw-p 00005000 fc:01 418520640                  /usr/lib/x86_64-linux-gnu/libXtst.so.6.1.0
7f5a7df66000-7f5a7df6f000 r-xp 00000000 fc:01 418520598                  /usr/lib/x86_64-linux-gnu/libXrender.so.1.3.0
7f5a7df6f000-7f5a7e16e000 ---p 00009000 fc:01 418520598                  /usr/lib/x86_64-linux-gnu/libXrender.so.1.3.0
7f5a7e16e000-7f5a7e16f000 r--p 00008000 fc:01 418520598                  /usr/lib/x86_64-linux-gnu/libXrender.so.1.3.0
7f5a7e16f000-7f5a7e170000 rw-p 00009000 fc:01 418520598                  /usr/lib/x86_64-linux-gnu/libXrender.so.1.3.0
7f5a7e170000-7f5a7e2a0000 r-xp 00000000 fc:01 418520433                  /usr/lib/x86_64-linux-gnu/libX11.so.6.3.0
7f5a7e2a0000-7f5a7e4a0000 ---p 00130000 fc:01 418520433                  /usr/lib/x86_64-linux-gnu/libX11.so.6.3.0
7f5a7e4a0000-7f5a7e4a1000 r--p 00130000 fc:01 418520433                  /usr/lib/x86_64-linux-gnu/libX11.so.6.3.0
7f5a7e4a1000-7f5a7e4a5000 rw-p 00131000 fc:01 418520433                  /usr/lib/x86_64-linux-gnu/libX11.so.6.3.0
7f5a7e4a5000-7f5a7e4b6000 r-xp 00000000 fc:01 418520563                  /usr/lib/x86_64-linux-gnu/libXext.so.6.4.0
7f5a7e4b6000-7f5a7e6b5000 ---p 00011000 fc:01 418520563                  /usr/lib/x86_64-linux-gnu/libXext.so.6.4.0
7f5a7e6b5000-7f5a7e6b6000 r--p 00010000 fc:01 418520563                  /usr/lib/x86_64-linux-gnu/libXext.so.6.4.0
7f5a7e6b6000-7f5a7e6b7000 rw-p 00011000 fc:01 418520563                  /usr/lib/x86_64-linux-gnu/libXext.so.6.4.0
7f5a7e6b7000-7f5a7e70b000 r-xp 00000000 fc:01 332974079                  /usr/lib/jvm/java-8-openjdk-amd64/jre/lib/amd64/libawt_xawt.so
7f5a7e70b000-7f5a7e90a000 ---p 00054000 fc:01 332974079                  /usr/lib/jvm/java-8-openjdk-amd64/jre/lib/amd64/libawt_xawt.so
7f5a7e90a000-7f5a7e90b000 r--p 00053000 fc:01 332974079                  /usr/lib/jvm/java-8-openjdk-amd64/jre/lib/amd64/libawt_xawt.so
7f5a7e90b000-7f5a7e90e000 rw-p 00054000 fc:01 332974079                  /usr/lib/jvm/java-8-openjdk-amd64/jre/lib/amd64/libawt_xawt.so
7f5a7e90e000-7f5a7e90f000 rw-p 00000000 00:00 0 
7f5a7e90f000-7f5a7e9af000 r-xp 00000000 fc:01 330020303                  /usr/lib/jvm/java-8-openjdk-amd64/jre/lib/amd64/libawt.so
7f5a7e9af000-7f5a7ebaf000 ---p 000a0000 fc:01 330020303                  /usr/lib/jvm/java-8-openjdk-amd64/jre/lib/amd64/libawt.so
7f5a7ebaf000-7f5a7ebb0000 r--p 000a0000 fc:01 330020303                  /usr/lib/jvm/java-8-openjdk-amd64/jre/lib/amd64/libawt.so
7f5a7ebb0000-7f5a7ebbb000 rw-p 000a1000 fc:01 330020303                  /usr/lib/jvm/java-8-openjdk-amd64/jre/lib/amd64/libawt.so
7f5a7ebbb000-7f5a7ebe0000 rw-p 00000000 00:00 0 
7f5a7ebe0000-7f5a7ebe1000 ---p 00000000 00:00 0 
7f5a7ebe1000-7f5a7ece1000 rw-p 00000000 00:00 0 
7f5a7ece1000-7f5a7ece4000 ---p 00000000 00:00 0 
7f5a7ece4000-7f5a7ede2000 rw-p 00000000 00:00 0 
7f5a7ede2000-7f5a7ede5000 ---p 00000000 00:00 0 
7f5a7ede5000-7f5a7eee3000 rw-p 00000000 00:00 0 
7f5a7eee3000-7f5a7eee6000 ---p 00000000 00:00 0 
7f5a7eee6000-7f5a7efe4000 rw-p 00000000 00:00 0 
7f5a7efe4000-7f5a7efe7000 ---p 00000000 00:00 0 
7f5a7efe7000-7f5a7f0e5000 rw-p 00000000 00:00 0 
7f5a7f0e5000-7f5a7f0e8000 ---p 00000000 00:00 0 
7f5a7f0e8000-7f5a7f1e6000 rw-p 00000000 00:00 0 
7f5a7f1e6000-7f5a7f1e9000 ---p 00000000 00:00 0 
7f5a7f1e9000-7f5a7f2e7000 rw-p 00000000 00:00 0 
7f5a7f2e7000-7f5a7f2ea000 ---p 00000000 00:00 0 
7f5a7f2ea000-7f5a7f3e8000 rw-p 00000000 00:00 0 
7f5a7f3e8000-7f5a7f3f2000 r-xp 00000000 fc:01 340995335                  /lib/x86_64-linux-gnu/libnss_files-2.19.so
7f5a7f3f2000-7f5a7f5f1000 ---p 0000a000 fc:01 340995335                  /lib/x86_64-linux-gnu/libnss_files-2.19.so
7f5a7f5f1000-7f5a7f5f2000 r--p 00009000 fc:01 340995335                  /lib/x86_64-linux-gnu/libnss_files-2.19.so
7f5a7f5f2000-7f5a7f5f3000 rw-p 0000a000 fc:01 340995335                  /lib/x86_64-linux-gnu/libnss_files-2.19.so
7f5a7f5f3000-7f5a7f5f7000 r-xp 00000000 fc:01 332973212                  /usr/lib/jvm/java-8-openjdk-amd64/jre/lib/amd64/libdt_socket.so
7f5a7f5f7000-7f5a7f7f6000 ---p 00004000 fc:01 332973212                  /usr/lib/jvm/java-8-openjdk-amd64/jre/lib/amd64/libdt_socket.so
7f5a7f7f6000-7f5a7f7f7000 r--p 00003000 fc:01 332973212                  /usr/lib/jvm/java-8-openjdk-amd64/jre/lib/amd64/libdt_socket.so
7f5a7f7f7000-7f5a7f7f8000 rw-p 00004000 fc:01 332973212                  /usr/lib/jvm/java-8-openjdk-amd64/jre/lib/amd64/libdt_socket.so
7f5a7f7f8000-7f5a7f7fb000 ---p 00000000 00:00 0 
7f5a7f7fb000-7f5a7f8f9000 rw-p 00000000 00:00 0 
7f5a7f8f9000-7f5a7f8fc000 ---p 00000000 00:00 0 
7f5a7f8fc000-7f5a7f9fa000 rw-p 00000000 00:00 0 
7f5a7f9fa000-7f5a7f9fd000 ---p 00000000 00:00 0 
7f5a7f9fd000-7f5a7fafb000 rw-p 00000000 00:00 0 
7f5a7fafb000-7f5a7fafc000 ---p 00000000 00:00 0 
7f5a7fafc000-7f5a80000000 rw-p 00000000 00:00 0 
7f5a80000000-7f5a80021000 rw-p 00000000 00:00 0 
7f5a80021000-7f5a84000000 ---p 00000000 00:00 0 
7f5a84037000-7f5a8403a000 rw-p 00000000 00:00 0 
7f5a8403a000-7f5a84040000 r--s 00045000 fc:02 809590838                  /export/home/vanhee/Dropbox/Boulot/Code/workspace/LAnimaRP/libs/jdom-2.0.6.jar
7f5a84040000-7f5a84047000 r--s 00000000 fc:01 11981122                   /usr/lib/x86_64-linux-gnu/gconv/gconv-modules.cache
7f5a84047000-7f5a8406d000 r--p 00000000 fc:01 434021454                  /usr/share/locale-langpack/fr/LC_MESSAGES/libc.mo
7f5a8406d000-7f5a84089000 r--s 00393000 fc:01 134222462                  /usr/lib/jvm/java-8-openjdk-amd64/jre/lib/ext/cldrdata.jar
7f5a84089000-7f5a840a4000 r--s 001d7000 fc:01 134222416                  /usr/lib/jvm/java-8-openjdk-amd64/jre/lib/ext/nashorn.jar
7f5a840a4000-7f5a85070000 rw-p 00000000 00:00 0 
7f5a85070000-7f5a852f0000 ---p 00000000 00:00 0 
7f5a852f0000-7f5a89000000 rw-p 00000000 00:00 0 
7f5a89000000-7f5a89270000 rwxp 00000000 00:00 0 
7f5a89270000-7f5a98000000 ---p 00000000 00:00 0 
7f5a98000000-7f5a9828d000 rw-p 00000000 00:00 0 
7f5a9828d000-7f5a9c000000 ---p 00000000 00:00 0 
7f5a9c000000-7f5a9c002000 r--s 00006000 fc:01 157208329                  /usr/share/java/java-atk-wrapper.jar
7f5a9c002000-7f5a9c166000 rw-p 00000000 00:00 0 
7f5a9c166000-7f5a9c333000 r--s 03be7000 fc:01 16139084                   /usr/lib/jvm/java-8-openjdk-amd64/jre/lib/rt.jar
7f5a9c333000-7f5a9c7d5000 rw-p 00000000 00:00 0 
7f5a9c7d5000-7f5a9c7d6000 ---p 00000000 00:00 0 
7f5a9c7d6000-7f5a9c8d6000 rw-p 00000000 00:00 0 
7f5a9c8d6000-7f5a9c8d7000 ---p 00000000 00:00 0 
7f5a9c8d7000-7f5a9c9d7000 rw-p 00000000 00:00 0 
7f5a9c9d7000-7f5a9c9d8000 ---p 00000000 00:00 0 
7f5a9c9d8000-7f5a9cad8000 rw-p 00000000 00:00 0 
7f5a9cad8000-7f5a9cad9000 ---p 00000000 00:00 0 
7f5a9cad9000-7f5a9cc03000 rw-p 00000000 00:00 0 
7f5a9cc03000-7f5a9ce65000 ---p 00000000 00:00 0 
7f5a9ce65000-7f5a9ce8f000 rw-p 00000000 00:00 0 
7f5a9ce8f000-7f5a9d0f0000 ---p 00000000 00:00 0 
7f5a9d0f0000-7f5a9d105000 rw-p 00000000 00:00 0 
7f5a9d105000-7f5a9d236000 ---p 00000000 00:00 0 
7f5a9d236000-7f5a9d241000 rw-p 00000000 00:00 0 
7f5a9d241000-7f5a9d5f7000 ---p 00000000 00:00 0 
7f5a9d5f7000-7f5a9d5ff000 r-xp 00000000 fc:01 330020313                  /usr/lib/jvm/java-8-openjdk-amd64/jre/lib/amd64/libzip.so
7f5a9d5ff000-7f5a9d7fe000 ---p 00008000 fc:01 330020313                  /usr/lib/jvm/java-8-openjdk-amd64/jre/lib/amd64/libzip.so
7f5a9d7fe000-7f5a9d7ff000 r--p 00007000 fc:01 330020313                  /usr/lib/jvm/java-8-openjdk-amd64/jre/lib/amd64/libzip.so
7f5a9d7ff000-7f5a9d800000 rw-p 00008000 fc:01 330020313                  /usr/lib/jvm/java-8-openjdk-amd64/jre/lib/amd64/libzip.so
7f5a9d800000-7f5a9e0b3000 r--p 00000000 fc:01 141124472                  /usr/lib/locale/locale-archive
7f5a9e0b3000-7f5a9e0b5000 r-xp 00000000 fc:01 330020288                  /usr/lib/jvm/java-8-openjdk-amd64/jre/lib/amd64/libnpt.so
7f5a9e0b5000-7f5a9e2b5000 ---p 00002000 fc:01 330020288                  /usr/lib/jvm/java-8-openjdk-amd64/jre/lib/amd64/libnpt.so
7f5a9e2b5000-7f5a9e2b6000 r--p 00002000 fc:01 330020288                  /usr/lib/jvm/java-8-openjdk-amd64/jre/lib/amd64/libnpt.so
7f5a9e2b6000-7f5a9e2b7000 rw-p 00003000 fc:01 330020288                  /usr/lib/jvm/java-8-openjdk-amd64/jre/lib/amd64/libnpt.so
7f5a9e2b7000-7f5a9e2f1000 r-xp 00000000 fc:01 330020289                  /usr/lib/jvm/java-8-openjdk-amd64/jre/lib/amd64/libjdwp.so
7f5a9e2f1000-7f5a9e4f0000 ---p 0003a000 fc:01 330020289                  /usr/lib/jvm/java-8-openjdk-amd64/jre/lib/amd64/libjdwp.so
7f5a9e4f0000-7f5a9e4f1000 r--p 00039000 fc:01 330020289                  /usr/lib/jvm/java-8-openjdk-amd64/jre/lib/amd64/libjdwp.so
7f5a9e4f1000-7f5a9e4f2000 rw-p 0003a000 fc:01 330020289                  /usr/lib/jvm/java-8-openjdk-amd64/jre/lib/amd64/libjdwp.so
7f5a9e4f2000-7f5a9e51e000 r-xp 00000000 fc:01 330020295                  /usr/lib/jvm/java-8-openjdk-amd64/jre/lib/amd64/libjava.so
7f5a9e51e000-7f5a9e71e000 ---p 0002c000 fc:01 330020295                  /usr/lib/jvm/java-8-openjdk-amd64/jre/lib/amd64/libjava.so
7f5a9e71e000-7f5a9e71f000 r--p 0002c000 fc:01 330020295                  /usr/lib/jvm/java-8-openjdk-amd64/jre/lib/amd64/libjava.so
7f5a9e71f000-7f5a9e721000 rw-p 0002d000 fc:01 330020295                  /usr/lib/jvm/java-8-openjdk-amd64/jre/lib/amd64/libjava.so
7f5a9e721000-7f5a9e731000 r-xp 00000000 fc:01 330020297                  /usr/lib/jvm/java-8-openjdk-amd64/jre/lib/amd64/libverify.so
7f5a9e731000-7f5a9e930000 ---p 00010000 fc:01 330020297                  /usr/lib/jvm/java-8-openjdk-amd64/jre/lib/amd64/libverify.so
7f5a9e930000-7f5a9e932000 r--p 0000f000 fc:01 330020297                  /usr/lib/jvm/java-8-openjdk-amd64/jre/lib/amd64/libverify.so
7f5a9e932000-7f5a9e933000 rw-p 00011000 fc:01 330020297                  /usr/lib/jvm/java-8-openjdk-amd64/jre/lib/amd64/libverify.so
7f5a9e933000-7f5a9e93a000 r-xp 00000000 fc:01 323656537                  /lib/x86_64-linux-gnu/librt-2.19.so
7f5a9e93a000-7f5a9eb39000 ---p 00007000 fc:01 323656537                  /lib/x86_64-linux-gnu/librt-2.19.so
7f5a9eb39000-7f5a9eb3a000 r--p 00006000 fc:01 323656537                  /lib/x86_64-linux-gnu/librt-2.19.so
7f5a9eb3a000-7f5a9eb3b000 rw-p 00007000 fc:01 323656537                  /lib/x86_64-linux-gnu/librt-2.19.so
7f5a9eb3b000-7f5a9eb51000 r-xp 00000000 fc:01 321450388                  /lib/x86_64-linux-gnu/libgcc_s.so.1
7f5a9eb51000-7f5a9ed50000 ---p 00016000 fc:01 321450388                  /lib/x86_64-linux-gnu/libgcc_s.so.1
7f5a9ed50000-7f5a9ed51000 rw-p 00015000 fc:01 321450388                  /lib/x86_64-linux-gnu/libgcc_s.so.1
7f5a9ed51000-7f5a9ee56000 r-xp 00000000 fc:01 323651171                  /lib/x86_64-linux-gnu/libm-2.19.so
7f5a9ee56000-7f5a9f055000 ---p 00105000 fc:01 323651171                  /lib/x86_64-linux-gnu/libm-2.19.so
7f5a9f055000-7f5a9f056000 r--p 00104000 fc:01 323651171                  /lib/x86_64-linux-gnu/libm-2.19.so
7f5a9f056000-7f5a9f057000 rw-p 00105000 fc:01 323651171                  /lib/x86_64-linux-gnu/libm-2.19.so
7f5a9f057000-7f5a9f13d000 r-xp 00000000 fc:01 410259627                  /usr/lib/x86_64-linux-gnu/libstdc++.so.6.0.19
7f5a9f13d000-7f5a9f33c000 ---p 000e6000 fc:01 410259627                  /usr/lib/x86_64-linux-gnu/libstdc++.so.6.0.19
7f5a9f33c000-7f5a9f344000 r--p 000e5000 fc:01 410259627                  /usr/lib/x86_64-linux-gnu/libstdc++.so.6.0.19
7f5a9f344000-7f5a9f346000 rw-p 000ed000 fc:01 410259627                  /usr/lib/x86_64-linux-gnu/libstdc++.so.6.0.19
7f5a9f346000-7f5a9f35b000 rw-p 00000000 00:00 0 
7f5a9f35b000-7f5a9ff49000 r-xp 00000000 fc:01 408426334                  /usr/lib/jvm/java-8-openjdk-amd64/jre/lib/amd64/server/libjvm.so
7f5a9ff49000-7f5aa0149000 ---p 00bee000 fc:01 408426334                  /usr/lib/jvm/java-8-openjdk-amd64/jre/lib/amd64/server/libjvm.so
7f5aa0149000-7f5aa01e7000 r--p 00bee000 fc:01 408426334                  /usr/lib/jvm/java-8-openjdk-amd64/jre/lib/amd64/server/libjvm.so
7f5aa01e7000-7f5aa0210000 rw-p 00c8c000 fc:01 408426334                  /usr/lib/jvm/java-8-openjdk-amd64/jre/lib/amd64/server/libjvm.so
7f5aa0210000-7f5aa0242000 rw-p 00000000 00:00 0 
7f5aa0242000-7f5aa025b000 r-xp 00000000 fc:01 323654629                  /lib/x86_64-linux-gnu/libpthread-2.19.so
7f5aa025b000-7f5aa045a000 ---p 00019000 fc:01 323654629                  /lib/x86_64-linux-gnu/libpthread-2.19.so
7f5aa045a000-7f5aa045b000 r--p 00018000 fc:01 323654629                  /lib/x86_64-linux-gnu/libpthread-2.19.so
7f5aa045b000-7f5aa045c000 rw-p 00019000 fc:01 323654629                  /lib/x86_64-linux-gnu/libpthread-2.19.so
7f5aa045c000-7f5aa0460000 rw-p 00000000 00:00 0 
7f5aa0460000-7f5aa0463000 r-xp 00000000 fc:01 323651173                  /lib/x86_64-linux-gnu/libdl-2.19.so
7f5aa0463000-7f5aa0662000 ---p 00003000 fc:01 323651173                  /lib/x86_64-linux-gnu/libdl-2.19.so
7f5aa0662000-7f5aa0663000 r--p 00002000 fc:01 323651173                  /lib/x86_64-linux-gnu/libdl-2.19.so
7f5aa0663000-7f5aa0664000 rw-p 00003000 fc:01 323651173                  /lib/x86_64-linux-gnu/libdl-2.19.so
7f5aa0664000-7f5aa067c000 r-xp 00000000 fc:01 321450462                  /lib/x86_64-linux-gnu/libz.so.1.2.8
7f5aa067c000-7f5aa087b000 ---p 00018000 fc:01 321450462                  /lib/x86_64-linux-gnu/libz.so.1.2.8
7f5aa087b000-7f5aa087c000 r--p 00017000 fc:01 321450462                  /lib/x86_64-linux-gnu/libz.so.1.2.8
7f5aa087c000-7f5aa087d000 rw-p 00018000 fc:01 321450462                  /lib/x86_64-linux-gnu/libz.so.1.2.8
7f5aa087d000-7f5aa0a37000 r-xp 00000000 fc:01 323656539                  /lib/x86_64-linux-gnu/libc-2.19.so
7f5aa0a37000-7f5aa0c37000 ---p 001ba000 fc:01 323656539                  /lib/x86_64-linux-gnu/libc-2.19.so
7f5aa0c37000-7f5aa0c3b000 r--p 001ba000 fc:01 323656539                  /lib/x86_64-linux-gnu/libc-2.19.so
7f5aa0c3b000-7f5aa0c3d000 rw-p 001be000 fc:01 323656539                  /lib/x86_64-linux-gnu/libc-2.19.so
7f5aa0c3d000-7f5aa0c42000 rw-p 00000000 00:00 0 
7f5aa0c42000-7f5aa0c4f000 r-xp 00000000 fc:01 16139078                   /usr/lib/jvm/java-8-openjdk-amd64/jre/lib/amd64/jli/libjli.so
7f5aa0c4f000-7f5aa0e4f000 ---p 0000d000 fc:01 16139078                   /usr/lib/jvm/java-8-openjdk-amd64/jre/lib/amd64/jli/libjli.so
7f5aa0e4f000-7f5aa0e50000 r--p 0000d000 fc:01 16139078                   /usr/lib/jvm/java-8-openjdk-amd64/jre/lib/amd64/jli/libjli.so
7f5aa0e50000-7f5aa0e51000 rw-p 0000e000 fc:01 16139078                   /usr/lib/jvm/java-8-openjdk-amd64/jre/lib/amd64/jli/libjli.so
7f5aa0e51000-7f5aa0e74000 r-xp 00000000 fc:01 323654630                  /lib/x86_64-linux-gnu/ld-2.19.so
7f5aa0e74000-7f5aa0e78000 r--s 00037000 fc:01 165155396                  /usr/lib/jvm/java-8-openjdk-amd64/jre/lib/ext/sunpkcs11.jar
7f5aa0e78000-7f5aa0f14000 rw-p 00000000 00:00 0 
7f5aa0f14000-7f5aa0f17000 ---p 00000000 00:00 0 
7f5aa0f17000-7f5aa101a000 rw-p 00000000 00:00 0 
7f5aa101a000-7f5aa1024000 r--s 00116000 fc:01 165155382                  /usr/lib/jvm/java-8-openjdk-amd64/jre/lib/ext/localedata.jar
7f5aa1024000-7f5aa1027000 r--s 0000f000 fc:01 159704339                  /usr/lib/jvm/java-8-openjdk-amd64/jre/lib/ext/icedtea-sound.jar
7f5aa1027000-7f5aa102d000 r--s 0003a000 fc:01 158579574                  /usr/lib/jvm/java-8-openjdk-amd64/jre/lib/ext/sunjce_provider.jar
7f5aa102d000-7f5aa102e000 r--s 00010000 fc:01 158579571                  /usr/lib/jvm/java-8-openjdk-amd64/jre/lib/ext/zipfs.jar
7f5aa102e000-7f5aa102f000 r--s 0000a000 fc:01 134222465                  /usr/lib/jvm/java-8-openjdk-amd64/jre/lib/ext/jaccess.jar
7f5aa102f000-7f5aa1030000 r--s 00008000 fc:01 134222464                  /usr/lib/jvm/java-8-openjdk-amd64/jre/lib/ext/sunec.jar
7f5aa1030000-7f5aa1032000 r--s 00001000 fc:01 134222417                  /usr/lib/jvm/java-8-openjdk-amd64/jre/lib/ext/dnsns.jar
7f5aa1032000-7f5aa103a000 rw-s 00000000 fc:01 140298041                  /tmp/hsperfdata_vanhee/9291
7f5aa103a000-7f5aa106f000 r--s 00000000 fc:01 27108925                   /var/cache/nscd/passwd
7f5aa106f000-7f5aa1070000 rw-p 00000000 00:00 0 
7f5aa1070000-7f5aa1071000 r--p 00000000 00:00 0 
7f5aa1071000-7f5aa1073000 rw-p 00000000 00:00 0 
7f5aa1073000-7f5aa1074000 r--p 00022000 fc:01 323654630                  /lib/x86_64-linux-gnu/ld-2.19.so
7f5aa1074000-7f5aa1075000 rw-p 00023000 fc:01 323654630                  /lib/x86_64-linux-gnu/ld-2.19.so
7f5aa1075000-7f5aa1076000 rw-p 00000000 00:00 0 
7fff93d85000-7fff93da6000 rw-p 00000000 00:00 0                          [stack]
7fff93dea000-7fff93dec000 r--p 00000000 00:00 0                          [vvar]
7fff93dec000-7fff93dee000 r-xp 00000000 00:00 0                          [vdso]
ffffffffff600000-ffffffffff601000 r-xp 00000000 00:00 0                  [vsyscall]

VM Arguments:
jvm_args: -agentlib:jdwp=transport=dt_socket,suspend=y,address=localhost:59571 -Dfile.encoding=UTF-8 
java_command: main.DisplayWindow
java_class_path (initial): /export/home/vanhee/Dropbox/Boulot/Code/workspace/LAnimaRP/bin:/export/home/vanhee/Dropbox/Boulot/Code/workspace/LAnimaRP/libs/jdom-2.0.6.jar
Launcher Type: SUN_STANDARD

Environment Variables:
PATH=/usr/local/sbin:/usr/local/bin:/usr/sbin:/usr/bin:/sbin:/bin:/usr/games:/usr/local/games
SHELL=/bin/bash
DISPLAY=:0.0

Signal Handlers:
SIGSEGV: [libjvm.so+0x9f6230], sa_mask[0]=11111111011111111101111111111110, sa_flags=SA_RESTART|SA_SIGINFO
SIGBUS: [libjvm.so+0x9f6230], sa_mask[0]=11111111011111111101111111111110, sa_flags=SA_RESTART|SA_SIGINFO
SIGFPE: [libjvm.so+0x856c80], sa_mask[0]=11111111011111111101111111111110, sa_flags=SA_RESTART|SA_SIGINFO
SIGPIPE: [libjvm.so+0x856c80], sa_mask[0]=11111111011111111101111111111110, sa_flags=SA_RESTART|SA_SIGINFO
SIGXFSZ: [libjvm.so+0x856c80], sa_mask[0]=11111111011111111101111111111110, sa_flags=SA_RESTART|SA_SIGINFO
SIGILL: [libjvm.so+0x856c80], sa_mask[0]=11111111011111111101111111111110, sa_flags=SA_RESTART|SA_SIGINFO
SIGUSR1: SIG_DFL, sa_mask[0]=00000000000000000000000000000000, sa_flags=none
SIGUSR2: [libjvm.so+0x856b50], sa_mask[0]=00100000000000000000000000000000, sa_flags=SA_RESTART|SA_SIGINFO
SIGHUP: [libjvm.so+0x856d40], sa_mask[0]=11111111011111111101111111111110, sa_flags=SA_RESTART|SA_SIGINFO
SIGINT: [libjvm.so+0x856d40], sa_mask[0]=11111111011111111101111111111110, sa_flags=SA_RESTART|SA_SIGINFO
SIGTERM: [libjvm.so+0x856d40], sa_mask[0]=11111111011111111101111111111110, sa_flags=SA_RESTART|SA_SIGINFO
SIGQUIT: [libjvm.so+0x856d40], sa_mask[0]=11111111011111111101111111111110, sa_flags=SA_RESTART|SA_SIGINFO


---------------  S Y S T E M  ---------------

OS:DISTRIB_ID=Ubuntu
DISTRIB_RELEASE=14.04
DISTRIB_CODENAME=trusty
DISTRIB_DESCRIPTION="Ubuntu 14.04.5 LTS"

uname:Linux 3.19.0-69-generic #77~14.04.1-Ubuntu SMP Tue Aug 30 01:29:21 UTC 2016 x86_64
libc:glibc 2.19 NPTL 2.19 
rlimit: STACK 8192k, CORE 0k, NPROC 31109, NOFILE 4096, AS infinity
load average:0,70 0,60 0,56

/proc/meminfo:
MemTotal:        8002332 kB
MemFree:         1478896 kB
MemAvailable:    4264220 kB
Buffers:            2092 kB
Cached:          2732540 kB
SwapCached:            0 kB
Active:          3831076 kB
Inactive:        1724264 kB
Active(anon):    2821964 kB
Inactive(anon):    98732 kB
Active(file):    1009112 kB
Inactive(file):  1625532 kB
Unevictable:          84 kB
Mlocked:              84 kB
SwapTotal:             0 kB
SwapFree:              0 kB
Dirty:               392 kB
Writeback:             0 kB
AnonPages:       2820840 kB
Mapped:           525572 kB
Shmem:             99988 kB
Slab:             479944 kB
SReclaimable:     404096 kB
SUnreclaim:        75848 kB
KernelStack:       13120 kB
PageTables:        47956 kB
NFS_Unstable:          0 kB
Bounce:                0 kB
WritebackTmp:          0 kB
CommitLimit:     4001164 kB
Committed_AS:    7381644 kB
VmallocTotal:   34359738367 kB
VmallocUsed:      313732 kB
VmallocChunk:   34359286012 kB
HardwareCorrupted:     0 kB
AnonHugePages:    890880 kB
CmaTotal:              0 kB
CmaFree:               0 kB
HugePages_Total:       0
HugePages_Free:        0
HugePages_Rsvd:        0
HugePages_Surp:        0
Hugepagesize:       2048 kB
DirectMap4k:      145848 kB
DirectMap2M:     8200192 kB


CPU:total 4 (4 cores per cpu, 1 threads per core) family 6 model 42 stepping 7, cmov, cx8, fxsr, mmx, sse, sse2, sse3, ssse3, sse4.1, sse4.2, popcnt, avx, aes, clmul, tsc, tscinvbit

/proc/cpuinfo:
processor	: 0
vendor_id	: GenuineIntel
cpu family	: 6
model		: 42
model name	: Intel(R) Core(TM) i5-2400 CPU @ 3.10GHz
stepping	: 7
microcode	: 0x1b
cpu MHz		: 3204.867
cache size	: 6144 KB
physical id	: 0
siblings	: 4
core id		: 0
cpu cores	: 4
apicid		: 0
initial apicid	: 0
fpu		: yes
fpu_exception	: yes
cpuid level	: 13
wp		: yes
flags		: fpu vme de pse tsc msr pae mce cx8 apic sep mtrr pge mca cmov pat pse36 clflush dts acpi mmx fxsr sse sse2 ss ht tm pbe syscall nx rdtscp lm constant_tsc arch_perfmon pebs bts rep_good nopl xtopology nonstop_tsc aperfmperf eagerfpu pni pclmulqdq dtes64 monitor ds_cpl vmx smx est tm2 ssse3 cx16 xtpr pdcm pcid sse4_1 sse4_2 x2apic popcnt tsc_deadline_timer aes xsave avx lahf_lm ida arat epb pln pts dtherm tpr_shadow vnmi flexpriority ept vpid xsaveopt
bugs		:
bogomips	: 6186.51
clflush size	: 64
cache_alignment	: 64
address sizes	: 36 bits physical, 48 bits virtual
power management:

processor	: 1
vendor_id	: GenuineIntel
cpu family	: 6
model		: 42
model name	: Intel(R) Core(TM) i5-2400 CPU @ 3.10GHz
stepping	: 7
microcode	: 0x1b
cpu MHz		: 3231.507
cache size	: 6144 KB
physical id	: 0
siblings	: 4
core id		: 1
cpu cores	: 4
apicid		: 2
initial apicid	: 2
fpu		: yes
fpu_exception	: yes
cpuid level	: 13
wp		: yes
flags		: fpu vme de pse tsc msr pae mce cx8 apic sep mtrr pge mca cmov pat pse36 clflush dts acpi mmx fxsr sse sse2 ss ht tm pbe syscall nx rdtscp lm constant_tsc arch_perfmon pebs bts rep_good nopl xtopology nonstop_tsc aperfmperf eagerfpu pni pclmulqdq dtes64 monitor ds_cpl vmx smx est tm2 ssse3 cx16 xtpr pdcm pcid sse4_1 sse4_2 x2apic popcnt tsc_deadline_timer aes xsave avx lahf_lm ida arat epb pln pts dtherm tpr_shadow vnmi flexpriority ept vpid xsaveopt
bugs		:
bogomips	: 6186.51
clflush size	: 64
cache_alignment	: 64
address sizes	: 36 bits physical, 48 bits virtual
power management:

processor	: 2
vendor_id	: GenuineIntel
cpu family	: 6
model		: 42
model name	: Intel(R) Core(TM) i5-2400 CPU @ 3.10GHz
stepping	: 7
microcode	: 0x1b
cpu MHz		: 3209.347
cache size	: 6144 KB
physical id	: 0
siblings	: 4
core id		: 2
cpu cores	: 4
apicid		: 4
initial apicid	: 4
fpu		: yes
fpu_exception	: yes
cpuid level	: 13
wp		: yes
flags		: fpu vme de pse tsc msr pae mce cx8 apic sep mtrr pge mca cmov pat pse36 clflush dts acpi mmx fxsr sse sse2 ss ht tm pbe syscall nx rdtscp lm constant_tsc arch_perfmon pebs bts rep_good nopl xtopology nonstop_tsc aperfmperf eagerfpu pni pclmulqdq dtes64 monitor ds_cpl vmx smx est tm2 ssse3 cx16 xtpr pdcm pcid sse4_1 sse4_2 x2apic popcnt tsc_deadline_timer aes xsave avx lahf_lm ida arat epb pln pts dtherm tpr_shadow vnmi flexpriority ept vpid xsaveopt
bugs		:
bogomips	: 6186.51
clflush size	: 64
cache_alignment	: 64
address sizes	: 36 bits physical, 48 bits virtual
power management:

processor	: 3
vendor_id	: GenuineIntel
cpu family	: 6
model		: 42
model name	: Intel(R) Core(TM) i5-2400 CPU @ 3.10GHz
stepping	: 7
microcode	: 0x1b
cpu MHz		: 3222.304
cache size	: 6144 KB
physical id	: 0
siblings	: 4
core id		: 3
cpu cores	: 4
apicid		: 6
initial apicid	: 6
fpu		: yes
fpu_exception	: yes
cpuid level	: 13
wp		: yes
flags		: fpu vme de pse tsc msr pae mce cx8 apic sep mtrr pge mca cmov pat pse36 clflush dts acpi mmx fxsr sse sse2 ss ht tm pbe syscall nx rdtscp lm constant_tsc arch_perfmon pebs bts rep_good nopl xtopology nonstop_tsc aperfmperf eagerfpu pni pclmulqdq dtes64 monitor ds_cpl vmx smx est tm2 ssse3 cx16 xtpr pdcm pcid sse4_1 sse4_2 x2apic popcnt tsc_deadline_timer aes xsave avx lahf_lm ida arat epb pln pts dtherm tpr_shadow vnmi flexpriority ept vpid xsaveopt
bugs		:
bogomips	: 6186.51
clflush size	: 64
cache_alignment	: 64
address sizes	: 36 bits physical, 48 bits virtual
power management:



Memory: 4k page, physical 8002332k(1478896k free), swap 0k(0k free)

vm_info: OpenJDK 64-Bit Server VM (25.91-b14) for linux-amd64 JRE (1.8.0_91-8u91-b14-0ubuntu4~14.04-b14), built on Apr 22 2016 12:27:31 by "buildd" with gcc 4.8.2

time: Wed Feb 22 13:02:26 2017
elapsed time: 289 seconds (0d 0h 4m 49s)

