#
# A fatal error has been detected by the Java Runtime Environment:
#
#  EXCEPTION_ACCESS_VIOLATION (0xc0000005) at pc=0x7736e3fe, pid=6764, tid=0x00000b18
#
# JRE version: Java(TM) SE Runtime Environment (8.0_151-b12) (build 1.8.0_151-b12)
# Java VM: Java HotSpot(TM) Client VM (25.151-b12 mixed mode windows-x86 )
# Problematic frame:
# C  [ntdll.dll+0x2e3fe]
#
# Failed to write core dump. Minidumps are not enabled by default on client versions of Windows
#
# If you would like to submit a bug report, please visit:
#   http://bugreport.java.com/bugreport/crash.jsp
#

---------------  T H R E A D  ---------------

Current thread (0x01188c00):  JavaThread "JDWP Event Helper Thread" daemon [_thread_in_vm, id=2840, stack(0x154c0000,0x15510000)]

siginfo: ExceptionCode=0xc0000005, reading address 0x2eb558a9

Registers:
EAX=0x00000000, EBX=0x012c85c0, ECX=0x000f0000, EDX=0x012c85c0
ESP=0x1550f7ac, EBP=0x1550f7e0, ESI=0x2eb558a5, EDI=0x012c85b8
EIP=0x7736e3fe, EFLAGS=0x00010206

Top of Stack: (sp=0x1550f7ac)
0x1550f7ac:   00000000 000f0000 012c85c0 00000000
0x1550f7bc:   00000000 011726d8 00000296 01181290
0x1550f7cc:   00000000 011726d8 1550f7e8 01181280
0x1550f7dc:   012c85b8 1550f7f8 7736e063 000f7ec8
0x1550f7ec:   01188c00 00000000 012c85b8 1550f80c
0x1550f7fc:   76e414bd 000f0000 00000000 012c85c0
0x1550f80c:   1550f820 5fdf016a 000f0000 00000000
0x1550f81c:   012c85c0 1550f830 5f902a23 012c85c0 

Instructions: (pc=0x7736e3fe)
0x7736e3de:   7a f8 80 7f 07 05 0f 84 13 4e 06 00 8b 07 8b f7
0x7736e3ee:   c1 ee 03 33 f0 33 35 a4 00 44 77 89 7d fc 33 f1
0x7736e3fe:   8b 46 04 89 45 f4 c6 47 07 80 c6 47 06 00 8b 5e
0x7736e40e:   08 8b 4e 0c 89 5d e0 83 c3 01 89 4d e4 83 d1 01 


Register to memory mapping:

EAX=0x00000000 is an unknown value
EBX=0x012c85c0 is an unknown value
ECX=0x000f0000 is an unknown value
EDX=0x012c85c0 is an unknown value
ESP=0x1550f7ac is pointing into the stack for thread: 0x01188c00
EBP=0x1550f7e0 is pointing into the stack for thread: 0x01188c00
ESI=0x2eb558a5 is an unknown value
EDI=0x012c85b8 is an unknown value


Stack: [0x154c0000,0x15510000],  sp=0x1550f7ac,  free space=317k
Native frames: (J=compiled Java code, j=interpreted, Vv=VM code, C=native code)
C  [ntdll.dll+0x2e3fe]
C  [ntdll.dll+0x2e063]
C  [kernel32.dll+0x114bd]
C  [msvcr100.dll+0x1016a]
V  [jvm.dll+0x162a23]
V  [jvm.dll+0x1118a2]
V  [jvm.dll+0x221a5d]
C  [jdwp.dll+0x1aad1]
V  [jvm.dll+0x17e2ca]
V  [jvm.dll+0x1c2cb6]
C  [msvcr100.dll+0x5c556]
C  [msvcr100.dll+0x5c600]
C  [kernel32.dll+0x1337a]
C  [ntdll.dll+0x392e2]
C  [ntdll.dll+0x392b5]
C  0x00000000


---------------  P R O C E S S  ---------------

Java Threads: ( => current thread )
  0x15d1e800 JavaThread "Thread-4810" [_thread_blocked, id=2768, stack(0x17220000,0x17270000)]
  0x012ac000 JavaThread "Thread-4809" [_thread_in_vm, id=7968, stack(0x176f0000,0x17740000)]
  0x012b0000 JavaThread "Image Fetcher 0" daemon [_thread_blocked, id=3356, stack(0x172b0000,0x17300000)]
  0x15d1dc00 JavaThread "Java Sound Event Dispatcher" daemon [_thread_blocked, id=6192, stack(0x16c50000,0x16ca0000)]
  0x15d1d800 JavaThread "pool-1-thread-1" [_thread_blocked, id=4920, stack(0x16810000,0x16860000)]
  0x15d1ac00 JavaThread "FileBasedEvolvingStringC:\Users\navi\Dropbox\Boulot\Code\workspace\LAnimaRP\input\text\popup_parameters.xml:Refresh:1000" [_thread_blocked, id=6340, stack(0x16590000,0x165e0000)]
  0x15d02000 JavaThread "Thread-5" [_thread_blocked, id=6016, stack(0x16610000,0x16660000)]
  0x15bf0000 JavaThread "Thread-4" [_thread_blocked, id=6716, stack(0x16340000,0x16390000)]
  0x15bee400 JavaThread "Thread-3" [_thread_blocked, id=4140, stack(0x16430000,0x16480000)]
  0x15ad2400 JavaThread "AWT-Windows" daemon [_thread_in_native, id=6392, stack(0x160d0000,0x16120000)]
  0x15ad1000 JavaThread "Java2D Disposer" daemon [_thread_blocked, id=692, stack(0x15770000,0x157c0000)]
  0x15ab5400 JavaThread "FileBasedEvolvingStringC:\Users\navi\Dropbox\Boulot\Code\workspace\LAnimaRP\input\text\content_news_ticker.txt:Refresh:1000" [_thread_blocked, id=6656, stack(0x15f80000,0x15fd0000)]
  0x011b4000 JavaThread "Service Thread" daemon [_thread_blocked, id=4032, stack(0x158f0000,0x15940000)]
  0x01190000 JavaThread "C1 CompilerThread0" daemon [_thread_blocked, id=3568, stack(0x157d0000,0x15820000)]
  0x01189800 JavaThread "JDWP Command Reader" daemon [_thread_in_native, id=5092, stack(0x15650000,0x156a0000)]
=>0x01188c00 JavaThread "JDWP Event Helper Thread" daemon [_thread_in_vm, id=2840, stack(0x154c0000,0x15510000)]
  0x01183000 JavaThread "JDWP Transport Listener: dt_socket" daemon [_thread_blocked, id=6504, stack(0x15470000,0x154c0000)]
  0x01175c00 JavaThread "Attach Listener" daemon [_thread_blocked, id=5212, stack(0x15220000,0x15270000)]
  0x01173000 JavaThread "Signal Dispatcher" daemon [_thread_blocked, id=7572, stack(0x150d0000,0x15120000)]
  0x01166c00 JavaThread "Finalizer" daemon [_thread_blocked, id=2216, stack(0x14f00000,0x14f50000)]
  0x01141400 JavaThread "Reference Handler" daemon [_thread_blocked, id=5344, stack(0x14c80000,0x14cd0000)]
  0x000fcc00 JavaThread "main" [_thread_blocked, id=7132, stack(0x00260000,0x002b0000)]

Other Threads:
  0x0113b400 VMThread [stack: 0x14df0000,0x14e40000] [id=7344]
  0x011d0800 WatcherThread [stack: 0x156a0000,0x156f0000] [id=7740]

VM state:not at safepoint (normal execution)

VM Mutex/Monitor currently owned by a thread: None

Heap:
 def new generation   total 19520K, used 10882K [0x04800000, 0x05d20000, 0x09d50000)
  eden space 17408K,  59% used [0x04800000, 0x0520fad0, 0x05900000)
  from space 2112K,  27% used [0x05900000, 0x05990e10, 0x05b10000)
  to   space 2112K,   0% used [0x05b10000, 0x05b10000, 0x05d20000)
 tenured generation   total 43136K, used 36373K [0x09d50000, 0x0c770000, 0x14800000)
   the space 43136K,  84% used [0x09d50000, 0x0c0d5690, 0x0c0d5800, 0x0c770000)
 Metaspace       used 7745K, capacity 8008K, committed 8064K, reserved 8576K

Card table byte_map: [0x01090000,0x01120000] byte_map_base: 0x0106c000

Polling page: 0x00190000

CodeCache: size=32768Kb used=1802Kb max_used=1802Kb free=30965Kb
 bounds [0x02760000, 0x02928000, 0x04760000]
 total_blobs=936 nmethods=716 adapters=159
 compilation: enabled

Compilation events (10 events):
Event: 50.413 Thread 0x01190000  717             java.util.stream.ReduceOps$3ReducingSink::accept (15 bytes)
Event: 50.413 Thread 0x01190000 nmethod 717 0x02921788 code [0x02921890, 0x0292193c]
Event: 58.568 Thread 0x01190000  720             java.nio.Buffer::remaining (10 bytes)
Event: 58.568 Thread 0x01190000 nmethod 720 0x02921f08 code [0x02922000, 0x02922080]
Event: 59.611 Thread 0x01190000  721             java.nio.Buffer::checkBounds (25 bytes)
Event: 59.611 Thread 0x01190000 nmethod 721 0x029220c8 code [0x029221d0, 0x029222dc]
Event: 60.330 Thread 0x01190000  722             java.lang.Long::<init> (10 bytes)
Event: 60.331 Thread 0x01190000 nmethod 722 0x029223c8 code [0x029224c0, 0x02922550]
Event: 60.777 Thread 0x01190000  723   !         java.util.Collections$SynchronizedMap::put (28 bytes)
Event: 60.777 Thread 0x01190000 nmethod 723 0x029225c8 code [0x029226e0, 0x0292291c]

GC Heap History (10 events):
Event: 50.265 GC heap before
{Heap before GC invocations=40 (full 2):
 def new generation   total 19520K, used 18095K [0x04800000, 0x05d20000, 0x09d50000)
  eden space 17408K, 100% used [0x04800000, 0x05900000, 0x05900000)
  from space 2112K,  32% used [0x05b10000, 0x05bbbd88, 0x05d20000)
  to   space 2112K,   0% used [0x05900000, 0x05900000, 0x05b10000)
 tenured generation   total 43136K, used 36372K [0x09d50000, 0x0c770000, 0x14800000)
   the space 43136K,  84% used [0x09d50000, 0x0c0d5048, 0x0c0d5200, 0x0c770000)
 Metaspace       used 7745K, capacity 8008K, committed 8064K, reserved 8576K
Event: 50.266 GC heap after
Heap after GC invocations=41 (full 2):
 def new generation   total 19520K, used 1049K [0x04800000, 0x05d20000, 0x09d50000)
  eden space 17408K,   0% used [0x04800000, 0x04800000, 0x05900000)
  from space 2112K,  49% used [0x05900000, 0x05a06558, 0x05b10000)
  to   space 2112K,   0% used [0x05b10000, 0x05b10000, 0x05d20000)
 tenured generation   total 43136K, used 36372K [0x09d50000, 0x0c770000, 0x14800000)
   the space 43136K,  84% used [0x09d50000, 0x0c0d53c0, 0x0c0d5400, 0x0c770000)
 Metaspace       used 7745K, capacity 8008K, committed 8064K, reserved 8576K
}
Event: 52.660 GC heap before
{Heap before GC invocations=41 (full 2):
 def new generation   total 19520K, used 18457K [0x04800000, 0x05d20000, 0x09d50000)
  eden space 17408K, 100% used [0x04800000, 0x05900000, 0x05900000)
  from space 2112K,  49% used [0x05900000, 0x05a06558, 0x05b10000)
  to   space 2112K,   0% used [0x05b10000, 0x05b10000, 0x05d20000)
 tenured generation   total 43136K, used 36372K [0x09d50000, 0x0c770000, 0x14800000)
   the space 43136K,  84% used [0x09d50000, 0x0c0d53c0, 0x0c0d5400, 0x0c770000)
 Metaspace       used 7745K, capacity 8008K, committed 8064K, reserved 8576K
Event: 52.662 GC heap after
Heap after GC invocations=42 (full 2):
 def new generation   total 19520K, used 1055K [0x04800000, 0x05d20000, 0x09d50000)
  eden space 17408K,   0% used [0x04800000, 0x04800000, 0x05900000)
  from space 2112K,  49% used [0x05b10000, 0x05c17cc0, 0x05d20000)
  to   space 2112K,   0% used [0x05900000, 0x05900000, 0x05b10000)
 tenured generation   total 43136K, used 36372K [0x09d50000, 0x0c770000, 0x14800000)
   the space 43136K,  84% used [0x09d50000, 0x0c0d53d8, 0x0c0d5400, 0x0c770000)
 Metaspace       used 7745K, capacity 8008K, committed 8064K, reserved 8576K
}
Event: 55.064 GC heap before
{Heap before GC invocations=42 (full 2):
 def new generation   total 19520K, used 18463K [0x04800000, 0x05d20000, 0x09d50000)
  eden space 17408K, 100% used [0x04800000, 0x05900000, 0x05900000)
  from space 2112K,  49% used [0x05b10000, 0x05c17cc0, 0x05d20000)
  to   space 2112K,   0% used [0x05900000, 0x05900000, 0x05b10000)
 tenured generation   total 43136K, used 36372K [0x09d50000, 0x0c770000, 0x14800000)
   the space 43136K,  84% used [0x09d50000, 0x0c0d53d8, 0x0c0d5400, 0x0c770000)
 Metaspace       used 7745K, capacity 8008K, committed 8064K, reserved 8576K
Event: 55.065 GC heap after
Heap after GC invocations=43 (full 2):
 def new generation   total 19520K, used 402K [0x04800000, 0x05d20000, 0x09d50000)
  eden space 17408K,   0% used [0x04800000, 0x04800000, 0x05900000)
  from space 2112K,  19% used [0x05900000, 0x05964a48, 0x05b10000)
  to   space 2112K,   0% used [0x05b10000, 0x05b10000, 0x05d20000)
 tenured generation   total 43136K, used 36373K [0x09d50000, 0x0c770000, 0x14800000)
   the space 43136K,  84% used [0x09d50000, 0x0c0d5690, 0x0c0d5800, 0x0c770000)
 Metaspace       used 7745K, capacity 8008K, committed 8064K, reserved 8576K
}
Event: 57.420 GC heap before
{Heap before GC invocations=43 (full 2):
 def new generation   total 19520K, used 17810K [0x04800000, 0x05d20000, 0x09d50000)
  eden space 17408K, 100% used [0x04800000, 0x05900000, 0x05900000)
  from space 2112K,  19% used [0x05900000, 0x05964a48, 0x05b10000)
  to   space 2112K,   0% used [0x05b10000, 0x05b10000, 0x05d20000)
 tenured generation   total 43136K, used 36373K [0x09d50000, 0x0c770000, 0x14800000)
   the space 43136K,  84% used [0x09d50000, 0x0c0d5690, 0x0c0d5800, 0x0c770000)
 Metaspace       used 7745K, capacity 8008K, committed 8064K, reserved 8576K
Event: 57.421 GC heap after
Heap after GC invocations=44 (full 2):
 def new generation   total 19520K, used 575K [0x04800000, 0x05d20000, 0x09d50000)
  eden space 17408K,   0% used [0x04800000, 0x04800000, 0x05900000)
  from space 2112K,  27% used [0x05b10000, 0x05b9fd08, 0x05d20000)
  to   space 2112K,   0% used [0x05900000, 0x05900000, 0x05b10000)
 tenured generation   total 43136K, used 36373K [0x09d50000, 0x0c770000, 0x14800000)
   the space 43136K,  84% used [0x09d50000, 0x0c0d5690, 0x0c0d5800, 0x0c770000)
 Metaspace       used 7745K, capacity 8008K, committed 8064K, reserved 8576K
}
Event: 59.813 GC heap before
{Heap before GC invocations=44 (full 2):
 def new generation   total 19520K, used 17983K [0x04800000, 0x05d20000, 0x09d50000)
  eden space 17408K, 100% used [0x04800000, 0x05900000, 0x05900000)
  from space 2112K,  27% used [0x05b10000, 0x05b9fd08, 0x05d20000)
  to   space 2112K,   0% used [0x05900000, 0x05900000, 0x05b10000)
 tenured generation   total 43136K, used 36373K [0x09d50000, 0x0c770000, 0x14800000)
   the space 43136K,  84% used [0x09d50000, 0x0c0d5690, 0x0c0d5800, 0x0c770000)
 Metaspace       used 7745K, capacity 8008K, committed 8064K, reserved 8576K
Event: 59.814 GC heap after
Heap after GC invocations=45 (full 2):
 def new generation   total 19520K, used 579K [0x04800000, 0x05d20000, 0x09d50000)
  eden space 17408K,   0% used [0x04800000, 0x04800000, 0x05900000)
  from space 2112K,  27% used [0x05900000, 0x05990e10, 0x05b10000)
  to   space 2112K,   0% used [0x05b10000, 0x05b10000, 0x05d20000)
 tenured generation   total 43136K, used 36373K [0x09d50000, 0x0c770000, 0x14800000)
   the space 43136K,  84% used [0x09d50000, 0x0c0d5690, 0x0c0d5800, 0x0c770000)
 Metaspace       used 7745K, capacity 8008K, committed 8064K, reserved 8576K
}

Deoptimization events (0 events):
No events

Internal exceptions (10 events):
Event: 1.060 Thread 0x000fcc00 Exception <a 'java/lang/UnsatisfiedLinkError': The specified procedure could not be found.
> (0x04ac2c08) thrown at [C:\workspace\8-2-build-windows-i586-cygwin\jdk8u151\9699\hotspot\src\share\vm\prims\jni.cpp, line 735]
Event: 1.136 Thread 0x000fcc00 Exception <a 'java/io/FileNotFoundException'> (0x04938f28) thrown at [C:\workspace\8-2-build-windows-i586-cygwin\jdk8u151\9699\hotspot\src\share\vm\prims\jni.cpp, line 709]
Event: 1.149 Thread 0x000fcc00 Exception <a 'java/lang/UnsatisfiedLinkError': The specified module could not be found.
> (0x04a83f78) thrown at [C:\workspace\8-2-build-windows-i586-cygwin\jdk8u151\9699\hotspot\src\share\vm\prims\jni.cpp, line 735]
Event: 1.150 Thread 0x000fcc00 Exception <a 'java/lang/UnsatisfiedLinkError': The specified module could not be found.
> (0x04a84280) thrown at [C:\workspace\8-2-build-windows-i586-cygwin\jdk8u151\9699\hotspot\src\share\vm\prims\jni.cpp, line 735]
Event: 1.151 Thread 0x000fcc00 Exception <a 'java/lang/UnsatisfiedLinkError': The specified module could not be found.
> (0x04a845f8) thrown at [C:\workspace\8-2-build-windows-i586-cygwin\jdk8u151\9699\hotspot\src\share\vm\prims\jni.cpp, line 735]
Event: 1.153 Thread 0x000fcc00 Exception <a 'java/lang/UnsatisfiedLinkError'> (0x04a8ac20) thrown at [C:\workspace\8-2-build-windows-i586-cygwin\jdk8u151\9699\hotspot\src\share\vm\oops\instanceKlass.cpp, line 964]
Event: 1.293 Thread 0x15ad8000 Exception <a 'java/lang/InterruptedException': sleep interrupted> (0x049dbd30) thrown at [C:\workspace\8-2-build-windows-i586-cygwin\jdk8u151\9699\hotspot\src\share\vm\prims\jvm.cpp, line 3180]
Event: 1.315 Thread 0x15d1d000 Exception <a 'java/lang/InterruptedException': sleep interrupted> (0x04b31310) thrown at [C:\workspace\8-2-build-windows-i586-cygwin\jdk8u151\9699\hotspot\src\share\vm\prims\jvm.cpp, line 3180]
Event: 33.012 Thread 0x15d1e800 Exception <a 'java/lang/InterruptedException': sleep interrupted> (0x05641d20) thrown at [C:\workspace\8-2-build-windows-i586-cygwin\jdk8u151\9699\hotspot\src\share\vm\prims\jvm.cpp, line 3180]
Event: 33.022 Thread 0x15d1e800 Exception <a 'java/lang/InterruptedException': sleep interrupted> (0x056abe48) thrown at [C:\workspace\8-2-build-windows-i586-cygwin\jdk8u151\9699\hotspot\src\share\vm\prims\jvm.cpp, line 3180]

Events (10 events):
Event: 61.111 Thread 0x012ac000 Thread exited: 0x012ac000
Event: 61.111 Thread 0x012ac000 Thread added: 0x012ac000
Event: 61.111 Thread 0x012ac000 Thread exited: 0x012ac000
Event: 61.146 Thread 0x012ac000 Thread added: 0x012ac000
Event: 61.146 Thread 0x012ac000 Thread exited: 0x012ac000
Event: 61.151 Thread 0x012ac000 Thread added: 0x012ac000
Event: 61.151 Thread 0x012ac000 Thread exited: 0x012ac000
Event: 61.151 Thread 0x012ac000 Thread added: 0x012ac000
Event: 61.152 Thread 0x012ac000 Thread exited: 0x012ac000
Event: 61.191 Thread 0x012ac000 Thread added: 0x012ac000


Dynamic libraries:
0x01320000 - 0x01353000 	C:\Program Files (x86)\Java\jre1.8.0_151\bin\javaw.exe
0x77340000 - 0x774c0000 	C:\Windows\SysWOW64\ntdll.dll
0x76e30000 - 0x76f40000 	C:\Windows\syswow64\kernel32.dll
0x76030000 - 0x76077000 	C:\Windows\syswow64\KERNELBASE.dll
0x76100000 - 0x761a1000 	C:\Windows\syswow64\ADVAPI32.dll
0x76af0000 - 0x76b9c000 	C:\Windows\syswow64\msvcrt.dll
0x76480000 - 0x76499000 	C:\Windows\SysWOW64\sechost.dll
0x769d0000 - 0x76ac0000 	C:\Windows\syswow64\RPCRT4.dll
0x74cb0000 - 0x74d10000 	C:\Windows\syswow64\SspiCli.dll
0x74ca0000 - 0x74cac000 	C:\Windows\syswow64\CRYPTBASE.dll
0x76330000 - 0x76430000 	C:\Windows\syswow64\USER32.dll
0x75160000 - 0x751f0000 	C:\Windows\syswow64\GDI32.dll
0x76320000 - 0x7632a000 	C:\Windows\syswow64\LPK.dll
0x74d70000 - 0x74e0d000 	C:\Windows\syswow64\USP10.dll
0x72c10000 - 0x72dae000 	C:\Windows\WinSxS\x86_microsoft.windows.common-controls_6595b64144ccf1df_6.0.7601.18837_none_41e855142bd5705d\COMCTL32.dll
0x76c80000 - 0x76cd7000 	C:\Windows\syswow64\SHLWAPI.dll
0x74d10000 - 0x74d70000 	C:\Windows\system32\IMM32.DLL
0x74e10000 - 0x74edc000 	C:\Windows\syswow64\MSCTF.dll
0x5fde0000 - 0x5fe9f000 	C:\Program Files (x86)\Java\jre1.8.0_151\bin\msvcr100.dll
0x5f7a0000 - 0x5fb6e000 	C:\Program Files (x86)\Java\jre1.8.0_151\bin\client\jvm.dll
0x63290000 - 0x63297000 	C:\Windows\system32\WSOCK32.dll
0x76c30000 - 0x76c65000 	C:\Windows\syswow64\WS2_32.dll
0x76ae0000 - 0x76ae6000 	C:\Windows\syswow64\NSI.dll
0x69af0000 - 0x69b22000 	C:\Windows\system32\WINMM.dll
0x73550000 - 0x73559000 	C:\Windows\system32\VERSION.dll
0x769a0000 - 0x769a5000 	C:\Windows\syswow64\PSAPI.DLL
0x631f0000 - 0x631fc000 	C:\Program Files (x86)\Java\jre1.8.0_151\bin\verify.dll
0x605f0000 - 0x60611000 	C:\Program Files (x86)\Java\jre1.8.0_151\bin\java.dll
0x5e720000 - 0x5e74a000 	C:\Program Files (x86)\Java\jre1.8.0_151\bin\jdwp.dll
0x63240000 - 0x63247000 	C:\Program Files (x86)\Java\jre1.8.0_151\bin\npt.dll
0x62f70000 - 0x62f84000 	C:\Program Files (x86)\Java\jre1.8.0_151\bin\zip.dll
0x751f0000 - 0x75e3b000 	C:\Windows\syswow64\SHELL32.dll
0x761b0000 - 0x7630c000 	C:\Windows\syswow64\ole32.dll
0x76990000 - 0x7699b000 	C:\Windows\syswow64\profapi.dll
0x63230000 - 0x63238000 	C:\Program Files (x86)\Java\jre1.8.0_151\bin\dt_socket.dll
0x72dd0000 - 0x72de0000 	C:\Windows\system32\NLAapi.dll
0x619a0000 - 0x619b0000 	C:\Windows\system32\napinsp.dll
0x61980000 - 0x61992000 	C:\Windows\system32\pnrpnsp.dll
0x72f10000 - 0x72f4c000 	C:\Windows\System32\mswsock.dll
0x72e50000 - 0x72e94000 	C:\Windows\system32\DNSAPI.dll
0x61970000 - 0x61978000 	C:\Windows\System32\winrnr.dll
0x72ee0000 - 0x72efc000 	C:\Windows\system32\IPHLPAPI.DLL
0x72ed0000 - 0x72ed7000 	C:\Windows\system32\WINNSI.DLL
0x6b230000 - 0x6b268000 	C:\Windows\System32\fwpuclnt.dll
0x72dc0000 - 0x72dc6000 	C:\Windows\system32\rasadhlp.dll
0x72e40000 - 0x72e45000 	C:\Windows\System32\wshtcpip.dll
0x5f650000 - 0x5f795000 	C:\Program Files (x86)\Java\jre1.8.0_151\bin\awt.dll
0x76ba0000 - 0x76c2f000 	C:\Windows\syswow64\OLEAUT32.dll
0x618a0000 - 0x618b6000 	C:\Program Files (x86)\Java\jre1.8.0_151\bin\net.dll
0x72f00000 - 0x72f06000 	C:\Windows\System32\wship6.dll
0x61920000 - 0x6192f000 	C:\Program Files (x86)\Java\jre1.8.0_151\bin\nio.dll
0x6a4c0000 - 0x6a540000 	C:\Windows\system32\uxtheme.dll
0x72b10000 - 0x72b23000 	C:\Windows\system32\dwmapi.dll
0x602f0000 - 0x60316000 	C:\Program Files (x86)\Java\jre1.8.0_151\bin\jpeg.dll
0x602b0000 - 0x602e9000 	C:\Program Files (x86)\Java\jre1.8.0_151\bin\fontmanager.dll
0x5fd70000 - 0x5fda2000 	C:\Program Files (x86)\Java\jre1.8.0_151\bin\t2k.dll
0x73260000 - 0x73277000 	C:\Windows\system32\CRYPTSP.dll
0x73220000 - 0x7325b000 	C:\Windows\system32\rsaenh.dll
0x76ac0000 - 0x76ad7000 	C:\Windows\syswow64\USERENV.dll
0x72eb0000 - 0x72ec2000 	C:\Windows\system32\dhcpcsvc.DLL
0x72ea0000 - 0x72ead000 	C:\Windows\system32\dhcpcsvc6.DLL
0x001d0000 - 0x0020d000 	C:\Users\navi\AppData\Local\Temp\jna-3373990\jna2697086232613202336.dll
0x5e6f0000 - 0x5e719000 	\\?\C:\PROGRA~2\VideoLAN\VLC\libvlc.dll
0x53650000 - 0x538da000 	\\?\C:\PROGRA~2\VideoLAN\VLC\libvlccore.dll
0x5f580000 - 0x5f648000 	C:\Windows\system32\opengl32.dll
0x5fdb0000 - 0x5fdd2000 	C:\Windows\system32\GLU32.dll
0x5f490000 - 0x5f577000 	C:\Windows\system32\DDRAW.dll
0x631e0000 - 0x631e6000 	C:\Windows\system32\DCIMAN32.dll
0x75e90000 - 0x7602d000 	C:\Windows\syswow64\SETUPAPI.dll
0x76550000 - 0x76577000 	C:\Windows\syswow64\CFGMGR32.dll
0x75e40000 - 0x75e52000 	C:\Windows\syswow64\DEVOBJ.dll
0x5e660000 - 0x5e6ed000 	C:\Program Files (x86)\VideoLAN\VLC\plugins\access\libdshow_plugin.dll
0x5f320000 - 0x5f331000 	C:\Program Files (x86)\VideoLAN\VLC\plugins\audio_output\libdirectsound_plugin.dll
0x5e640000 - 0x5e651000 	C:\Program Files (x86)\VideoLAN\VLC\plugins\audio_output\libwaveout_plugin.dll
0x5e620000 - 0x5e63d000 	C:\Program Files (x86)\VideoLAN\VLC\plugins\video_output\libdirect3d_plugin.dll
0x5e600000 - 0x5e61a000 	C:\Program Files (x86)\VideoLAN\VLC\plugins\video_output\libdirectdraw_plugin.dll
0x51ed0000 - 0x51f42000 	C:\Windows\system32\DSOUND.DLL
0x69fc0000 - 0x69fe5000 	C:\Windows\system32\POWRPROF.dll
0x750d0000 - 0x75153000 	C:\Windows\syswow64\CLBCatQ.DLL
0x61750000 - 0x61789000 	C:\Windows\System32\MMDevApi.dll
0x74ac0000 - 0x74bb5000 	C:\Windows\System32\PROPSYS.dll
0x5e5f0000 - 0x5e5fa000 	C:\Program Files (x86)\Java\jre1.8.0_151\bin\jsound.dll
0x5fd20000 - 0x5fd29000 	C:\Program Files (x86)\Java\jre1.8.0_151\bin\jsoundds.dll
0x5fb80000 - 0x5fbb0000 	C:\Windows\system32\wdmaud.drv
0x5fb70000 - 0x5fb74000 	C:\Windows\system32\ksuser.dll
0x5f3a0000 - 0x5f3a7000 	C:\Windows\system32\AVRT.dll
0x51ca0000 - 0x51eca000 	C:\Program Files (x86)\VideoLAN\VLC\plugins\access\liblibbluray_plugin.dll
0x53930000 - 0x53952000 	C:\Program Files (x86)\VideoLAN\VLC\plugins\access\libaccess_bd_plugin.dll
0x51c50000 - 0x51c93000 	C:\Program Files (x86)\VideoLAN\VLC\plugins\access\libdvdnav_plugin.dll
0x53630000 - 0x5364d000 	C:\Program Files (x86)\VideoLAN\VLC\plugins\access\libvdr_plugin.dll
0x51c30000 - 0x51c45000 	C:\Program Files (x86)\VideoLAN\VLC\plugins\access\libfilesystem_plugin.dll
0x51c10000 - 0x51c28000 	C:\Program Files (x86)\VideoLAN\VLC\plugins\stream_filter\libsmooth_plugin.dll
0x51b70000 - 0x51c09000 	C:\Program Files (x86)\VideoLAN\VLC\plugins\stream_filter\libhttplive_plugin.dll
0x51aa0000 - 0x51b63000 	C:\Program Files (x86)\VideoLAN\VLC\plugins\stream_filter\libdash_plugin.dll
0x61790000 - 0x617c6000 	C:\Windows\system32\AUDIOSES.DLL
0x51a70000 - 0x51a97000 	C:\Program Files (x86)\VideoLAN\VLC\plugins\access\libzip_plugin.dll
0x51a50000 - 0x51a64000 	C:\Program Files (x86)\VideoLAN\VLC\plugins\access\librar_plugin.dll
0x5e5e0000 - 0x5e5ed000 	C:\Program Files (x86)\VideoLAN\VLC\plugins\stream_filter\librecord_plugin.dll
0x51a00000 - 0x51a42000 	C:\Program Files (x86)\VideoLAN\VLC\plugins\demux\libmp4_plugin.dll
0x5f390000 - 0x5f398000 	C:\Windows\system32\msacm32.drv
0x5f370000 - 0x5f384000 	C:\Windows\system32\MSACM32.dll
0x5f360000 - 0x5f367000 	C:\Windows\system32\midimap.dll
0x519b0000 - 0x519f6000 	C:\Program Files (x86)\VideoLAN\VLC\plugins\codec\libjpeg_plugin.dll
0x53920000 - 0x5392e000 	C:\Program Files (x86)\VideoLAN\VLC\plugins\codec\libcdg_plugin.dll
0x51960000 - 0x519af000 	C:\Program Files (x86)\VideoLAN\VLC\plugins\codec\libpng_plugin.dll
0x51810000 - 0x51953000 	C:\Program Files (x86)\VideoLAN\VLC\plugins\codec\libschroedinger_plugin.dll
0x51750000 - 0x5180f000 	C:\Program Files (x86)\VideoLAN\VLC\plugins\codec\libvorbis_plugin.dll
0x516f0000 - 0x5174b000 	C:\Program Files (x86)\VideoLAN\VLC\plugins\codec\libtheora_plugin.dll
0x53620000 - 0x5362e000 	C:\Program Files (x86)\VideoLAN\VLC\plugins\codec\libdts_plugin.dll
0x516e0000 - 0x516f0000 	C:\Program Files (x86)\VideoLAN\VLC\plugins\codec\libaraw_plugin.dll
0x516c0000 - 0x516d4000 	C:\Program Files (x86)\VideoLAN\VLC\plugins\codec\libsubstx3g_plugin.dll
0x51640000 - 0x516b6000 	C:\Program Files (x86)\VideoLAN\VLC\plugins\codec\libflac_plugin.dll
0x51630000 - 0x51640000 	C:\Program Files (x86)\VideoLAN\VLC\plugins\codec\libg711_plugin.dll
0x51620000 - 0x5162d000 	C:\Program Files (x86)\VideoLAN\VLC\plugins\codec\libaes3_plugin.dll
0x515f0000 - 0x5161d000 	C:\Program Files (x86)\VideoLAN\VLC\plugins\codec\libspeex_plugin.dll
0x51350000 - 0x515e7000 	C:\Program Files (x86)\VideoLAN\VLC\plugins\codec\liblibass_plugin.dll
0x512f0000 - 0x5134d000 	C:\Program Files (x86)\VideoLAN\VLC\plugins\codec\libfaad_plugin.dll
0x512e0000 - 0x512ee000 	C:\Program Files (x86)\VideoLAN\VLC\plugins\codec\liba52_plugin.dll
0x512d0000 - 0x512de000 	C:\Program Files (x86)\VideoLAN\VLC\plugins\codec\libmpeg_audio_plugin.dll
0x512c0000 - 0x512cf000 	C:\Program Files (x86)\VideoLAN\VLC\plugins\codec\liblpcm_plugin.dll
0x51250000 - 0x512b1000 	C:\Program Files (x86)\VideoLAN\VLC\plugins\codec\libopus_plugin.dll
0x51220000 - 0x51244000 	C:\Program Files (x86)\VideoLAN\VLC\plugins\codec\libdvbsub_plugin.dll
0x51210000 - 0x5121e000 	C:\Program Files (x86)\VideoLAN\VLC\plugins\codec\libspudec_plugin.dll
0x17c70000 - 0x19143000 	C:\Program Files (x86)\VideoLAN\VLC\plugins\codec\libavcodec_plugin.dll
0x51080000 - 0x51205000 	C:\Program Files (x86)\VideoLAN\VLC\plugins\meta_engine\libtaglib_plugin.dll
0x51020000 - 0x51078000 	C:\Program Files (x86)\VideoLAN\VLC\plugins\lua\liblua_plugin.dll
0x50f50000 - 0x51018000 	C:\Program Files (x86)\VideoLAN\VLC\plugins\text_renderer\libfreetype_plugin.dll
0x50f30000 - 0x50f41000 	C:\Program Files (x86)\VideoLAN\VLC\plugins\video_chroma\libi420_yuy2_sse2_plugin.dll

VM Arguments:
jvm_args: -agentlib:jdwp=transport=dt_socket,suspend=y,address=localhost:54287 -Dfile.encoding=Cp1252 
java_command: main.DisplayWindow
java_class_path (initial): C:\Users\navi\Dropbox\Boulot\Code\workspace\LAnimaRP\bin;C:\Users\navi\Dropbox\Boulot\Code\workspace\LAnimaRP\libs\jdom-2.0.6.jar;C:\Users\navi\Dropbox\Boulot\Code\workspace\LAnimaRP\libs\vlcj-3.10.1.jar;C:\Users\navi\Dropbox\Boulot\Code\workspace\LAnimaRP\libs\customizer.jar;C:\Users\navi\Dropbox\Boulot\Code\workspace\LAnimaRP\libs\jna-4.1.0.jar;C:\Users\navi\Dropbox\Boulot\Code\workspace\LAnimaRP\libs\jna-platform-4.1.0.jar;C:\Users\navi\Dropbox\Boulot\Code\workspace\LAnimaRP\libs\mediaplayer.jar;C:\Users\navi\Dropbox\Boulot\Code\workspace\LAnimaRP\libs\multiplayer.jar;C:\Users\navi\Dropbox\Boulot\Code\workspace\LAnimaRP\libs\slf4j-api-1.7.10.jar;C:\Users\navi\Dropbox\Boulot\Code\workspace\LAnimaRP\libs\slf4j-simple-1.6.1.jar
Launcher Type: SUN_STANDARD

Environment Variables:
PATH=C:/Program Files (x86)/Java/jre1.8.0_151/bin/client;C:/Program Files (x86)/Java/jre1.8.0_151/bin;C:/Program Files (x86)/Java/jre1.8.0_151/lib/i386;C:\ProgramData\Oracle\Java\javapath;C:\Windows\system32;C:\Windows;C:\Windows\System32\Wbem;C:\Windows\System32\WindowsPowerShell\v1.0\;C:\Program Files (x86)\Intel\OpenCL SDK\2.0\bin\x86;C:\Program Files (x86)\Intel\OpenCL SDK\2.0\bin\x64;C:\Program Files (x86)\Skype\Phone\;C:\Program Files (x86)\MiKTeX 2.9\miktex\bin\;;C:\Program Files (x86)\Microsoft VS Code\bin;C:\Users\navi\Desktop save\eclipse;
USERNAME=navi
OS=Windows_NT
PROCESSOR_IDENTIFIER=Intel64 Family 6 Model 42 Stepping 7, GenuineIntel



---------------  S Y S T E M  ---------------

OS: Windows 7 , 64 bit Build 7601 (6.1.7601.18869)

CPU:total 4 (initial active 4) (2 cores per cpu, 2 threads per core) family 6 model 42 stepping 7, cmov, cx8, fxsr, mmx, sse, sse2, sse3, ssse3, sse4.1, sse4.2, popcnt, avx, clmul, ht, tsc, tscinvbit

Memory: 4k page, physical 4088764k(853020k free), swap 8339532k(1973708k free)

vm_info: Java HotSpot(TM) Client VM (25.151-b12) for windows-x86 JRE (1.8.0_151-b12), built on Sep  5 2017 19:31:49 by "java_re" with MS VC++ 10.0 (VS2010)

time: Sun Oct 22 21:30:58 2017
elapsed time: 61 seconds (0d 0h 1m 1s)

